app/build/intermediates/manifest_merge_blame_file/debug/processDebugMainManifest/manifest-merger-blame-debug-report.txt
1<?xml version="1.0" encoding="utf-8"?>
2<manifest xmlns:android="http://schemas.android.com/apk/res/android"
3    package="com.example.mireproductorcassette"
4    android:versionCode="1"
5    android:versionName="1.0" >
6
7    <uses-sdk
8        android:minSdkVersion="24"
9        android:targetSdkVersion="34" />
10
11    <uses-permission android:name="android.permission.FOREGROUND_SERVICE" />
11-->src\main\AndroidManifest.xml:5:5-77
11-->src\main\AndroidManifest.xml:5:22-74
12    <uses-permission android:name="android.permission.FOREGROUND_SERVICE_MEDIA_PLAYBACK" />
12-->src\main\AndroidManifest.xml:6:5-92
12-->src\main\AndroidManifest.xml:6:22-89
13    <uses-permission android:name="android.permission.WAKE_LOCK" />
13-->src\main\AndroidManifest.xml:7:5-68
13-->src\main\AndroidManifest.xml:7:22-65
14    <uses-permission android:name="android.permission.INTERNET" />
14-->src\main\AndroidManifest.xml:8:5-67
14-->src\main\AndroidManifest.xml:8:22-64
15    <uses-permission android:name="android.permission.ACCESS_NETWORK_STATE" />
15-->[androidx.media3:media3-exoplayer:1.3.1] AndroidManifest.xml:22:5-79
15-->[androidx.media3:media3-exoplayer:1.3.1] AndroidManifest.xml:22:22-76
16
17    <permission
17-->[androidx.core:core:1.13.1] AndroidManifest.xml:22:5-24:47
18        android:name="com.example.mireproductorcassette.DYNAMIC_RECEIVER_NOT_EXPORTED_PERMISSION"
18-->[androidx.core:core:1.13.1] AndroidManifest.xml:23:9-81
19        android:protectionLevel="signature" />
19-->[androidx.core:core:1.13.1] AndroidManifest.xml:24:9-44
20
21    <uses-permission android:name="com.example.mireproductorcassette.DYNAMIC_RECEIVER_NOT_EXPORTED_PERMISSION" />
21-->[androidx.core:core:1.13.1] AndroidManifest.xml:26:5-97
21-->[androidx.core:core:1.13.1] AndroidManifest.xml:26:22-94
22
23    <application
23-->src\main\AndroidManifest.xml:10:5-63:19
24        android:allowBackup="true"
24-->src\main\AndroidManifest.xml:11:9-35
25        android:appComponentFactory="androidx.core.app.CoreComponentFactory"
25-->[androidx.core:core:1.13.1] AndroidManifest.xml:28:18-86
26        android:debuggable="true"
27        android:extractNativeLibs="false"
28        android:icon="@mipmap/ic_launcher"
28-->src\main\AndroidManifest.xml:12:9-43
29        android:label="@string/app_name"
29-->src\main\AndroidManifest.xml:13:9-41
30        android:roundIcon="@mipmap/ic_launcher_round"
30-->src\main\AndroidManifest.xml:14:9-54
31        android:supportsRtl="true"
31-->src\main\AndroidManifest.xml:15:9-35
32        android:testOnly="true"
33        android:theme="@style/Theme.Cassette" >
33-->src\main\AndroidManifest.xml:16:9-46
34        <receiver
34-->src\main\AndroidManifest.xml:17:9-27:20
35            android:name="com.example.mireproductorcassette.Music"
35-->src\main\AndroidManifest.xml:18:13-34
36            android:exported="true" >
36-->src\main\AndroidManifest.xml:19:13-36
37            <intent-filter>
37-->src\main\AndroidManifest.xml:20:13-22:29
38                <action android:name="android.appwidget.action.APPWIDGET_UPDATE" />
38-->src\main\AndroidManifest.xml:21:17-84
38-->src\main\AndroidManifest.xml:21:25-81
39            </intent-filter>
40
41            <meta-data
41-->src\main\AndroidManifest.xml:24:13-26:54
42                android:name="android.appwidget.provider"
42-->src\main\AndroidManifest.xml:25:17-58
43                android:resource="@xml/music_info" />
43-->src\main\AndroidManifest.xml:26:17-51
44        </receiver>
45
46        <activity
46-->src\main\AndroidManifest.xml:29:9-35:20
47            android:name="com.example.mireproductorcassette.MusicConfigureActivity"
47-->src\main\AndroidManifest.xml:30:13-51
48            android:exported="true" >
48-->src\main\AndroidManifest.xml:31:13-36
49            <intent-filter>
49-->src\main\AndroidManifest.xml:32:13-34:29
50                <action android:name="android.appwidget.action.APPWIDGET_CONFIGURE" />
50-->src\main\AndroidManifest.xml:33:17-87
50-->src\main\AndroidManifest.xml:33:25-84
51            </intent-filter>
52        </activity>
53        <activity
53-->src\main\AndroidManifest.xml:36:9-44:20
54            android:name="com.example.mireproductorcassette.ui.MainActivity"
54-->src\main\AndroidManifest.xml:37:13-44
55            android:exported="true" >
55-->src\main\AndroidManifest.xml:38:13-36
56            <intent-filter>
56-->src\main\AndroidManifest.xml:39:13-43:29
57                <action android:name="android.intent.action.MAIN" />
57-->src\main\AndroidManifest.xml:40:17-69
57-->src\main\AndroidManifest.xml:40:25-66
58
59                <category android:name="android.intent.category.LAUNCHER" />
59-->src\main\AndroidManifest.xml:42:17-77
59-->src\main\AndroidManifest.xml:42:27-74
60            </intent-filter>
61        </activity>
62
63        <service
63-->src\main\AndroidManifest.xml:46:9-49:61
64            android:name="com.example.mireproductorcassette.player.PlaybackService"
64-->src\main\AndroidManifest.xml:47:13-51
65            android:exported="false"
65-->src\main\AndroidManifest.xml:48:13-37
66            android:foregroundServiceType="mediaPlayback" />
66-->src\main\AndroidManifest.xml:49:13-58
67
68        <receiver
68-->src\main\AndroidManifest.xml:51:9-62:20
69            android:name="com.example.mireproductorcassette.widget.MusicWidget"
69-->src\main\AndroidManifest.xml:52:13-47
70            android:enabled="true"
70-->src\main\AndroidManifest.xml:53:13-35
71            android:exported="true" >
71-->src\main\AndroidManifest.xml:54:13-36
72            <intent-filter>
72-->src\main\AndroidManifest.xml:20:13-22:29
73                <action android:name="android.appwidget.action.APPWIDGET_UPDATE" />
73-->src\main\AndroidManifest.xml:21:17-84
73-->src\main\AndroidManifest.xml:21:25-81
74            </intent-filter>
75
76            <meta-data
76-->src\main\AndroidManifest.xml:24:13-26:54
77                android:name="android.appwidget.provider"
77-->src\main\AndroidManifest.xml:25:17-58
78                android:resource="@xml/widget_info" />
78-->src\main\AndroidManifest.xml:26:17-51
79        </receiver>
80
81        <provider
81-->[androidx.emoji2:emoji2:1.3.0] AndroidManifest.xml:24:9-32:20
82            android:name="androidx.startup.InitializationProvider"
82-->[androidx.emoji2:emoji2:1.3.0] AndroidManifest.xml:25:13-67
83            android:authorities="com.example.mireproductorcassette.androidx-startup"
83-->[androidx.emoji2:emoji2:1.3.0] AndroidManifest.xml:26:13-68
84            android:exported="false" >
84-->[androidx.emoji2:emoji2:1.3.0] AndroidManifest.xml:27:13-37
85            <meta-data
85-->[androidx.emoji2:emoji2:1.3.0] AndroidManifest.xml:29:13-31:52
86                android:name="androidx.emoji2.text.EmojiCompatInitializer"
86-->[androidx.emoji2:emoji2:1.3.0] AndroidManifest.xml:30:17-75
87                android:value="androidx.startup" />
87-->[androidx.emoji2:emoji2:1.3.0] AndroidManifest.xml:31:17-49
88            <meta-data
88-->[androidx.lifecycle:lifecycle-process:2.8.6] AndroidManifest.xml:29:13-31:52
89                android:name="androidx.lifecycle.ProcessLifecycleInitializer"
89-->[androidx.lifecycle:lifecycle-process:2.8.6] AndroidManifest.xml:30:17-78
90                android:value="androidx.startup" />
90-->[androidx.lifecycle:lifecycle-process:2.8.6] AndroidManifest.xml:31:17-49
91            <meta-data
91-->[androidx.profileinstaller:profileinstaller:1.4.0] AndroidManifest.xml:29:13-31:52
92                android:name="androidx.profileinstaller.ProfileInstallerInitializer"
92-->[androidx.profileinstaller:profileinstaller:1.4.0] AndroidManifest.xml:30:17-85
93                android:value="androidx.startup" />
93-->[androidx.profileinstaller:profileinstaller:1.4.0] AndroidManifest.xml:31:17-49
94        </provider>
95
96        <receiver
96-->[androidx.profileinstaller:profileinstaller:1.4.0] AndroidManifest.xml:34:9-52:20
97            android:name="androidx.profileinstaller.ProfileInstallReceiver"
97-->[androidx.profileinstaller:profileinstaller:1.4.0] AndroidManifest.xml:35:13-76
98            android:directBootAware="false"
98-->[androidx.profileinstaller:profileinstaller:1.4.0] AndroidManifest.xml:36:13-44
99            android:enabled="true"
99-->[androidx.profileinstaller:profileinstaller:1.4.0] AndroidManifest.xml:37:13-35
100            android:exported="true"
100-->[androidx.profileinstaller:profileinstaller:1.4.0] AndroidManifest.xml:38:13-36
101            android:permission="android.permission.DUMP" >
101-->[androidx.profileinstaller:profileinstaller:1.4.0] AndroidManifest.xml:39:13-57
102            <intent-filter>
102-->[androidx.profileinstaller:profileinstaller:1.4.0] AndroidManifest.xml:40:13-42:29
103                <action android:name="androidx.profileinstaller.action.INSTALL_PROFILE" />
103-->[androidx.profileinstaller:profileinstaller:1.4.0] AndroidManifest.xml:41:17-91
103-->[androidx.profileinstaller:profileinstaller:1.4.0] AndroidManifest.xml:41:25-88
104            </intent-filter>
105            <intent-filter>
105-->[androidx.profileinstaller:profileinstaller:1.4.0] AndroidManifest.xml:43:13-45:29
106                <action android:name="androidx.profileinstaller.action.SKIP_FILE" />
106-->[androidx.profileinstaller:profileinstaller:1.4.0] AndroidManifest.xml:44:17-85
106-->[androidx.profileinstaller:profileinstaller:1.4.0] AndroidManifest.xml:44:25-82
107            </intent-filter>
108            <intent-filter>
108-->[androidx.profileinstaller:profileinstaller:1.4.0] AndroidManifest.xml:46:13-48:29
109                <action android:name="androidx.profileinstaller.action.SAVE_PROFILE" />
109-->[androidx.profileinstaller:profileinstaller:1.4.0] AndroidManifest.xml:47:17-88
109-->[androidx.profileinstaller:profileinstaller:1.4.0] AndroidManifest.xml:47:25-85
110            </intent-filter>
111            <intent-filter>
111-->[androidx.profileinstaller:profileinstaller:1.4.0] AndroidManifest.xml:49:13-51:29
112                <action android:name="androidx.profileinstaller.action.BENCHMARK_OPERATION" />
112-->[androidx.profileinstaller:profileinstaller:1.4.0] AndroidManifest.xml:50:17-95
112-->[androidx.profileinstaller:profileinstaller:1.4.0] AndroidManifest.xml:50:25-92
113            </intent-filter>
114        </receiver>
115    </application>
116
117</manifest>